Executing migration true for tags ,DEV, - version number - 10100201511030918 and filename - com.jmigration.db.jmigration.support.DummyMigration1
Alter TABLE VersionInfo MODIFY VersionDescription VARCHAR(500) NULL
Successfully executed migration with version number - 10100201511030918
Executing migration true for tags ,DEV, - version number - 20100201511030918 and filename - com.jmigration.db.jmigration.support.DummyMigration2
Alter TABLE VersionInfo MODIFY VersionDescription VARCHAR(500) NULL
Successfully executed migration with version number - 20100201511030918
Executing migration false for tags ,DEV, - version number - 20100201511030918 and filename - com.jmigration.db.jmigration.support.DummyMigration2
Alter TABLE VersionInfo MODIFY VersionDescription VARCHAR(500) NULL
Successfully executed migration with version number - 20100201511030918
Executing migration false for tags ,DEV, - version number - 10100201511030918 and filename - com.jmigration.db.jmigration.support.DummyMigration1
Alter TABLE VersionInfo MODIFY VersionDescription VARCHAR(500) NULL
Successfully executed migration with version number - 10100201511030918
This is my info logger param1
This is my error logger param1
java.lang.NumberFormatException: For input string: "not a number"
	at java.lang.NumberFormatException.forInputString(NumberFormatException.java:65)
	at java.lang.Integer.parseInt(Integer.java:580)
	at java.lang.Integer.parseInt(Integer.java:615)
	at com.jmigration.db.jmigration.LoggerTest.testErrorLog(LoggerTest.java:27)
	at sun.reflect.NativeMethodAccessorImpl.invoke0(Native Method)
	at sun.reflect.NativeMethodAccessorImpl.invoke(NativeMethodAccessorImpl.java:62)
	at sun.reflect.DelegatingMethodAccessorImpl.invoke(DelegatingMethodAccessorImpl.java:43)
	at java.lang.reflect.Method.invoke(Method.java:497)
	at junit.framework.TestCase.runTest(TestCase.java:154)
	at junit.framework.TestCase.runBare(TestCase.java:127)
	at junit.framework.TestResult$1.protect(TestResult.java:106)
	at junit.framework.TestResult.runProtected(TestResult.java:124)
	at junit.framework.TestResult.run(TestResult.java:109)
	at junit.framework.TestCase.run(TestCase.java:118)
	at junit.framework.TestSuite.runTest(TestSuite.java:208)
	at junit.framework.TestSuite.run(TestSuite.java:203)
	at org.eclipse.jdt.internal.junit.runner.junit3.JUnit3TestReference.run(JUnit3TestReference.java:131)
	at org.eclipse.jdt.internal.junit.runner.TestExecution.run(TestExecution.java:38)
	at org.eclipse.jdt.internal.junit.runner.RemoteTestRunner.runTests(RemoteTestRunner.java:459)
	at org.eclipse.jdt.internal.junit.runner.RemoteTestRunner.runTests(RemoteTestRunner.java:675)
	at org.eclipse.jdt.internal.junit.runner.RemoteTestRunner.run(RemoteTestRunner.java:382)
	at org.eclipse.jdt.internal.junit.runner.RemoteTestRunner.main(RemoteTestRunner.java:192)
Executing migration false for tags ,DEV, - version number - 20100201511030919 and filename - com.jmigration.db.jmigration.support.DummyMigration2
Alter TABLE VersionInfo MODIFY VersionDescription VARCHAR(500) NULL
Successfully executed migration with version number - 20100201511030919
Executing migration false for tags ,DEV, - version number - 10100201511030919 and filename - com.jmigration.db.jmigration.support.DummyMigration1
Alter TABLE VersionInfo MODIFY VersionDescription VARCHAR(500) NULL
Successfully executed migration with version number - 10100201511030919
Executing migration true for tags ,DEV, - version number - 10100201511030919 and filename - com.jmigration.db.jmigration.support.DummyMigration1
Alter TABLE VersionInfo MODIFY VersionDescription VARCHAR(500) NULL
Successfully executed migration with version number - 10100201511030919
Executing migration true for tags ,DEV, - version number - 20100201511030919 and filename - com.jmigration.db.jmigration.support.DummyMigration2
Alter TABLE VersionInfo MODIFY VersionDescription VARCHAR(500) NULL
Successfully executed migration with version number - 20100201511030919
This is my error logger param1
java.lang.NumberFormatException: For input string: "not a number"
	at java.lang.NumberFormatException.forInputString(NumberFormatException.java:65)
	at java.lang.Integer.parseInt(Integer.java:580)
	at java.lang.Integer.parseInt(Integer.java:615)
	at com.jmigration.db.jmigration.LoggerTest.testErrorLog(LoggerTest.java:27)
	at sun.reflect.NativeMethodAccessorImpl.invoke0(Native Method)
	at sun.reflect.NativeMethodAccessorImpl.invoke(NativeMethodAccessorImpl.java:62)
	at sun.reflect.DelegatingMethodAccessorImpl.invoke(DelegatingMethodAccessorImpl.java:43)
	at java.lang.reflect.Method.invoke(Method.java:497)
	at junit.framework.TestCase.runTest(TestCase.java:154)
	at junit.framework.TestCase.runBare(TestCase.java:127)
	at junit.framework.TestResult$1.protect(TestResult.java:106)
	at junit.framework.TestResult.runProtected(TestResult.java:124)
	at junit.framework.TestResult.run(TestResult.java:109)
	at junit.framework.TestCase.run(TestCase.java:118)
	at junit.framework.TestSuite.runTest(TestSuite.java:208)
	at junit.framework.TestSuite.run(TestSuite.java:203)
	at org.eclipse.jdt.internal.junit.runner.junit3.JUnit3TestReference.run(JUnit3TestReference.java:131)
	at org.eclipse.jdt.internal.junit.runner.TestExecution.run(TestExecution.java:38)
	at org.eclipse.jdt.internal.junit.runner.RemoteTestRunner.runTests(RemoteTestRunner.java:459)
	at org.eclipse.jdt.internal.junit.runner.RemoteTestRunner.runTests(RemoteTestRunner.java:675)
	at org.eclipse.jdt.internal.junit.runner.RemoteTestRunner.run(RemoteTestRunner.java:382)
	at org.eclipse.jdt.internal.junit.runner.RemoteTestRunner.main(RemoteTestRunner.java:192)
This is my info logger param1
This is my error logger param1
java.lang.NumberFormatException: For input string: "not a number"
	at java.lang.NumberFormatException.forInputString(NumberFormatException.java:65)
	at java.lang.Integer.parseInt(Integer.java:580)
	at java.lang.Integer.parseInt(Integer.java:615)
	at com.jmigration.db.jmigration.LoggerTest.testErrorLog(LoggerTest.java:27)
	at sun.reflect.NativeMethodAccessorImpl.invoke0(Native Method)
	at sun.reflect.NativeMethodAccessorImpl.invoke(NativeMethodAccessorImpl.java:62)
	at sun.reflect.DelegatingMethodAccessorImpl.invoke(DelegatingMethodAccessorImpl.java:43)
	at java.lang.reflect.Method.invoke(Method.java:497)
	at junit.framework.TestCase.runTest(TestCase.java:154)
	at junit.framework.TestCase.runBare(TestCase.java:127)
	at junit.framework.TestResult$1.protect(TestResult.java:106)
	at junit.framework.TestResult.runProtected(TestResult.java:124)
	at junit.framework.TestResult.run(TestResult.java:109)
	at junit.framework.TestCase.run(TestCase.java:118)
	at junit.framework.TestSuite.runTest(TestSuite.java:208)
	at junit.framework.TestSuite.run(TestSuite.java:203)
	at sun.reflect.NativeMethodAccessorImpl.invoke0(Native Method)
	at sun.reflect.NativeMethodAccessorImpl.invoke(NativeMethodAccessorImpl.java:62)
	at sun.reflect.DelegatingMethodAccessorImpl.invoke(DelegatingMethodAccessorImpl.java:43)
	at java.lang.reflect.Method.invoke(Method.java:497)
	at org.apache.maven.surefire.junit.JUnitTestSet.execute(JUnitTestSet.java:95)
	at org.apache.maven.surefire.junit.JUnit3Provider.executeTestSet(JUnit3Provider.java:121)
	at org.apache.maven.surefire.junit.JUnit3Provider.invoke(JUnit3Provider.java:98)
	at sun.reflect.NativeMethodAccessorImpl.invoke0(Native Method)
	at sun.reflect.NativeMethodAccessorImpl.invoke(NativeMethodAccessorImpl.java:62)
	at sun.reflect.DelegatingMethodAccessorImpl.invoke(DelegatingMethodAccessorImpl.java:43)
	at java.lang.reflect.Method.invoke(Method.java:497)
	at org.apache.maven.surefire.util.ReflectionUtils.invokeMethodWithArray(ReflectionUtils.java:189)
	at org.apache.maven.surefire.booter.ProviderFactory$ProviderProxy.invoke(ProviderFactory.java:165)
	at org.apache.maven.surefire.booter.ProviderFactory.invokeProvider(ProviderFactory.java:85)
	at org.apache.maven.surefire.booter.ForkedBooter.runSuitesInProcess(ForkedBooter.java:115)
	at org.apache.maven.surefire.booter.ForkedBooter.main(ForkedBooter.java:75)
This is my info logger param1
Executing migration true for tags ,DEV, - version number - 10100201511030945 and filename - com.jmigration.db.jmigration.support.DummyMigration1
Alter TABLE VersionInfo MODIFY VersionDescription VARCHAR(500) NULL
Successfully executed migration with version number - 10100201511030945
Executing migration true for tags ,DEV, - version number - 20100201511030945 and filename - com.jmigration.db.jmigration.support.DummyMigration2
Alter TABLE VersionInfo MODIFY VersionDescription VARCHAR(500) NULL
Successfully executed migration with version number - 20100201511030945
Executing migration false for tags ,DEV, - version number - 20100201511030945 and filename - com.jmigration.db.jmigration.support.DummyMigration2
Alter TABLE VersionInfo MODIFY VersionDescription VARCHAR(500) NULL
Successfully executed migration with version number - 20100201511030945
Executing migration false for tags ,DEV, - version number - 10100201511030945 and filename - com.jmigration.db.jmigration.support.DummyMigration1
Alter TABLE VersionInfo MODIFY VersionDescription VARCHAR(500) NULL
Successfully executed migration with version number - 10100201511030945
